<?xml version="1.0" encoding="UTF-8"?>
<!-- Generated by org.testng.reporters.JUnitReportReporter -->
<testsuite name="APITesting.com.org.api.putrequest" tests="1" time="1.804" ignored="0" failures="0" timestamp="14 Jun 2020 17:46:57 GMT" skipped="0" hostname="DHA11ALIM5" errors="0">
  <testcase name="test_02" time="1.804" classname="APITesting.com.org.api.putrequest"/>
</testsuite> <!-- APITesting.com.org.api.putrequest -->
