<?xml version="1.0" encoding="UTF-8"?>
<!-- Generated by org.testng.reporters.JUnitReportReporter -->
<testsuite name="APITesting.com.org.api.putdeletepatchrequest" tests="1" time="2.438" ignored="0" failures="0" timestamp="15 Jun 2020 05:15:38 GMT" skipped="0" hostname="DHA11ALIM5" errors="0">
  <testcase name="test_04" time="2.438" classname="APITesting.com.org.api.putdeletepatchrequest"/>
</testsuite> <!-- APITesting.com.org.api.putdeletepatchrequest -->
