<?xml version="1.0" encoding="UTF-8"?>
<!-- Generated by org.testng.reporters.JUnitReportReporter -->
<testsuite name="APITesting.com.org.api.jsonserverapirequest" tests="1" time="2.422" ignored="0" failures="0" timestamp="14 Jun 2020 16:54:42 GMT" skipped="0" hostname="DHA11ALIM5" errors="0">
  <testcase name="test_03" time="2.422" classname="APITesting.com.org.api.jsonserverapirequest"/>
</testsuite> <!-- APITesting.com.org.api.jsonserverapirequest -->
