<?xml version="1.0" encoding="UTF-8"?>
<!-- Generated by org.testng.reporters.JUnitReportReporter -->
<testsuite name="APITesting.com.org.api.api_get_request" tests="1" time="4.295" ignored="0" failures="0" timestamp="13 Jun 2020 07:37:08 GMT" skipped="0" hostname="DHA11ALIM5" errors="0">
  <testcase name="test_07" time="4.295" classname="APITesting.com.org.api.api_get_request"/>
</testsuite> <!-- APITesting.com.org.api.api_get_request -->
