<?xml version="1.0" encoding="UTF-8"?>
<!-- Generated by org.testng.reporters.JUnitReportReporter -->
<testsuite name="APITesting.com.org.api.json_server_api_request" tests="1" time="2.156" ignored="0" failures="0" timestamp="14 Jun 2020 04:13:09 GMT" skipped="0" hostname="DHA11ALIM5" errors="0">
  <testcase name="test_02" time="2.156" classname="APITesting.com.org.api.json_server_api_request"/>
</testsuite> <!-- APITesting.com.org.api.json_server_api_request -->
