<?xml version="1.0" encoding="UTF-8"?>
<!-- Generated by org.testng.reporters.JUnitReportReporter -->
<testsuite name="APITesting.com.org.api.api_get_request" tests="7" time="10.362" ignored="0" failures="0" timestamp="14 Jun 2020 03:39:48 GMT" skipped="0" hostname="DHA11ALIM5" errors="0">
  <testcase name="test_02" time="1.078" classname="APITesting.com.org.api.api_get_request"/>
  <testcase name="test_06" time="1.618" classname="APITesting.com.org.api.api_get_request"/>
  <testcase name="test_01" time="3.136" classname="APITesting.com.org.api.api_get_request"/>
  <testcase name="test_03" time="1.095" classname="APITesting.com.org.api.api_get_request"/>
  <testcase name="test_05" time="1.120" classname="APITesting.com.org.api.api_get_request"/>
  <testcase name="test_04" time="1.231" classname="APITesting.com.org.api.api_get_request"/>
  <testcase name="test_07" time="1.084" classname="APITesting.com.org.api.api_get_request"/>
</testsuite> <!-- APITesting.com.org.api.api_get_request -->
