<?xml version="1.0" encoding="UTF-8"?>
<!-- Generated by org.testng.reporters.JUnitReportReporter -->
<testsuite name="APITesting.com.org.api.postarraydata" tests="1" time="2.224" ignored="0" failures="0" timestamp="15 Jun 2020 13:44:42 GMT" skipped="0" hostname="DHA11ALIM5" errors="0">
  <testcase name="test_02" time="2.224" classname="APITesting.com.org.api.postarraydata"/>
</testsuite> <!-- APITesting.com.org.api.postarraydata -->
