<?xml version="1.0" encoding="UTF-8"?>
<!-- Generated by org.testng.reporters.JUnitReportReporter -->
<testsuite name="APITesting.com.org.api.api_get_request" tests="5" time="13.435" ignored="0" failures="0" timestamp="12 Jun 2020 14:15:11 GMT" skipped="0" hostname="DHA11ALIM5" errors="0">
  <testcase name="test_02" time="2.365" classname="APITesting.com.org.api.api_get_request"/>
  <testcase name="test_01" time="6.655" classname="APITesting.com.org.api.api_get_request"/>
  <testcase name="test_03" time="1.117" classname="APITesting.com.org.api.api_get_request"/>
  <testcase name="test_05" time="1.947" classname="APITesting.com.org.api.api_get_request"/>
  <testcase name="test_04" time="1.351" classname="APITesting.com.org.api.api_get_request"/>
</testsuite> <!-- APITesting.com.org.api.api_get_request -->
