<?xml version="1.0" encoding="UTF-8"?>
<!-- Generated by org.testng.reporters.JUnitReportReporter -->
<testsuite name="APITesting.com.org.api.api_get_request" tests="2" time="4.328" ignored="0" failures="0" timestamp="11 Jun 2020 16:15:21 GMT" skipped="0" hostname="DHA11ALIM5" errors="0">
  <testcase name="test_01" time="3.249" classname="APITesting.com.org.api.api_get_request"/>
  <testcase name="test_02" time="1.079" classname="APITesting.com.org.api.api_get_request"/>
</testsuite> <!-- APITesting.com.org.api.api_get_request -->
